0 info it worked if it ends with ok
1 verbose cli [ 'node', '/usr/local/bin/npm', 'install', '-g', 'gulp-util' ]
2 info using npm@1.4.16
3 info using node@v0.10.26
4 verbose cache add [ 'gulp-util', null ]
5 verbose cache add name=undefined spec="gulp-util" args=["gulp-util",null]
6 verbose parsed url { protocol: null,
6 verbose parsed url   slashes: null,
6 verbose parsed url   auth: null,
6 verbose parsed url   host: null,
6 verbose parsed url   port: null,
6 verbose parsed url   hostname: null,
6 verbose parsed url   hash: null,
6 verbose parsed url   search: null,
6 verbose parsed url   query: null,
6 verbose parsed url   pathname: 'gulp-util',
6 verbose parsed url   path: 'gulp-util',
6 verbose parsed url   href: 'gulp-util' }
7 silly lockFile 77fa12e5-gulp-util gulp-util
8 verbose lock gulp-util /Users/sponnaganti0569/.npm/77fa12e5-gulp-util.lock
9 silly lockFile 77fa12e5-gulp-util gulp-util
10 silly lockFile 77fa12e5-gulp-util gulp-util
11 verbose addNamed [ 'gulp-util', '' ]
12 verbose addNamed [ null, '*' ]
13 silly lockFile ecd61fb3-gulp-util gulp-util@
14 verbose lock gulp-util@ /Users/sponnaganti0569/.npm/ecd61fb3-gulp-util.lock
15 silly addNameRange { name: 'gulp-util', range: '*', hasData: false }
16 verbose request where is /gulp-util
17 verbose request registry https://registry.npmjs.org/
18 verbose request id b62de243c193684b
19 verbose url raw /gulp-util
20 verbose url resolving [ 'https://registry.npmjs.org/', './gulp-util' ]
21 verbose url resolved https://registry.npmjs.org/gulp-util
22 verbose request where is https://registry.npmjs.org/gulp-util
23 info trying registry request attempt 1 at 11:41:38
24 verbose etag "4EE9RA2FVXD60NADIOYWSY64Y"
25 http GET https://registry.npmjs.org/gulp-util
26 http 304 https://registry.npmjs.org/gulp-util
27 silly registry.get cb [ 304,
27 silly registry.get   { date: 'Sat, 12 Jul 2014 15:41:36 GMT',
27 silly registry.get     server: 'Apache',
27 silly registry.get     via: '1.1 varnish',
27 silly registry.get     'last-modified': 'Sat, 12 Jul 2014 15:41:36 GMT',
27 silly registry.get     'cache-control': 'max-age=30',
27 silly registry.get     etag: '"4EE9RA2FVXD60NADIOYWSY64Y"',
27 silly registry.get     'x-served-by': 'cache-jfk1026-JFK',
27 silly registry.get     'x-cache': 'HIT',
27 silly registry.get     'x-cache-hits': '1',
27 silly registry.get     'x-timer': 'S1405179696.521849,VS0,VE83',
27 silly registry.get     vary: 'Accept',
27 silly registry.get     'content-length': '0',
27 silly registry.get     'keep-alive': 'timeout=10, max=50',
27 silly registry.get     connection: 'Keep-Alive' } ]
28 verbose etag https://registry.npmjs.org/gulp-util from cache
29 silly addNameRange number 2 { name: 'gulp-util', range: '*', hasData: true }
30 silly addNameRange versions [ 'gulp-util',
30 silly addNameRange   [ '0.0.1',
30 silly addNameRange     '1.0.0',
30 silly addNameRange     '1.1.0',
30 silly addNameRange     '1.1.1',
30 silly addNameRange     '1.2.0',
30 silly addNameRange     '1.3.0',
30 silly addNameRange     '2.0.0',
30 silly addNameRange     '2.1.1',
30 silly addNameRange     '2.1.2',
30 silly addNameRange     '2.1.3',
30 silly addNameRange     '2.1.4',
30 silly addNameRange     '2.2.0',
30 silly addNameRange     '2.2.1',
30 silly addNameRange     '2.2.2',
30 silly addNameRange     '2.2.3',
30 silly addNameRange     '2.2.5',
30 silly addNameRange     '2.2.6',
30 silly addNameRange     '2.2.7',
30 silly addNameRange     '2.2.8',
30 silly addNameRange     '2.2.9',
30 silly addNameRange     '2.2.10',
30 silly addNameRange     '2.2.11',
30 silly addNameRange     '2.2.12',
30 silly addNameRange     '2.2.13',
30 silly addNameRange     '2.2.14',
30 silly addNameRange     '2.2.15',
30 silly addNameRange     '2.2.16',
30 silly addNameRange     '2.2.17',
30 silly addNameRange     '2.2.18',
30 silly addNameRange     '2.2.19',
30 silly addNameRange     '2.2.20' ] ]
31 verbose addNamed [ 'gulp-util', '2.2.20' ]
32 verbose addNamed [ '2.2.20', '2.2.20' ]
33 silly lockFile 48c194cb-gulp-util-2-2-20 gulp-util@2.2.20
34 verbose lock gulp-util@2.2.20 /Users/sponnaganti0569/.npm/48c194cb-gulp-util-2-2-20.lock
35 silly lockFile 48c194cb-gulp-util-2-2-20 gulp-util@2.2.20
36 silly lockFile 48c194cb-gulp-util-2-2-20 gulp-util@2.2.20
37 silly lockFile ecd61fb3-gulp-util gulp-util@
38 silly lockFile ecd61fb3-gulp-util gulp-util@
39 silly resolved [ { name: 'gulp-util',
39 silly resolved     description: 'Utility functions for gulp plugins',
39 silly resolved     version: '2.2.20',
39 silly resolved     homepage: 'http://github.com/wearefractal/gulp-util',
39 silly resolved     repository:
39 silly resolved      { type: 'git',
39 silly resolved        url: 'git://github.com/wearefractal/gulp-util.git' },
39 silly resolved     author:
39 silly resolved      { name: 'Fractal',
39 silly resolved        email: 'contact@wearefractal.com',
39 silly resolved        url: 'http://wearefractal.com/' },
39 silly resolved     main: './index.js',
39 silly resolved     dependencies:
39 silly resolved      { chalk: '^0.5.0',
39 silly resolved        dateformat: '^1.0.7-1.2.3',
39 silly resolved        'lodash._reinterpolate': '^2.4.1',
39 silly resolved        'lodash.template': '^2.4.1',
39 silly resolved        minimist: '^0.2.0',
39 silly resolved        multipipe: '^0.1.0',
39 silly resolved        through2: '^0.5.0',
39 silly resolved        vinyl: '^0.2.1' },
39 silly resolved     devDependencies:
39 silly resolved      { mocha: '^1.17.0',
39 silly resolved        should: '^4.0.0',
39 silly resolved        'mocha-lcov-reporter': '^0.0.1',
39 silly resolved        coveralls: '^2.7.0',
39 silly resolved        istanbul: '^0.2.3',
39 silly resolved        rimraf: '^2.2.5',
39 silly resolved        jshint: '^2.4.1',
39 silly resolved        'buffer-equal': '~0.0.1',
39 silly resolved        'lodash.templatesettings': '^2.4.1',
39 silly resolved        'event-stream': '^3.1.0' },
39 silly resolved     scripts:
39 silly resolved      { test: 'mocha --reporter spec && jshint',
39 silly resolved        coveralls: 'istanbul cover _mocha --report lcovonly -- -R spec && cat ./coverage/lcov.info | coveralls && rm -rf ./coverage' },
39 silly resolved     engines: { node: '>= 0.9' },
39 silly resolved     licenses: [ [Object] ],
39 silly resolved     gitHead: 'a44e450cfbe65fa4902b198bead4c65722cced0a',
39 silly resolved     bugs: { url: 'https://github.com/wearefractal/gulp-util/issues' },
39 silly resolved     _id: 'gulp-util@2.2.20',
39 silly resolved     _shasum: 'd7146e5728910bd8f047a6b0b1e549bc22dbd64c',
39 silly resolved     _from: 'gulp-util@',
39 silly resolved     _npmVersion: '1.5.0-alpha-1',
39 silly resolved     _npmUser: { name: 'fractal', email: 'contact@wearefractal.com' },
39 silly resolved     maintainers: [ [Object] ],
39 silly resolved     dist:
39 silly resolved      { shasum: 'd7146e5728910bd8f047a6b0b1e549bc22dbd64c',
39 silly resolved        tarball: 'http://registry.npmjs.org/gulp-util/-/gulp-util-2.2.20.tgz' },
39 silly resolved     directories: {},
39 silly resolved     _resolved: 'https://registry.npmjs.org/gulp-util/-/gulp-util-2.2.20.tgz',
39 silly resolved     readme: 'ERROR: No README data found!' } ]
40 info install gulp-util@2.2.20 into /usr/local/lib
41 info installOne gulp-util@2.2.20
42 verbose lib/node_modules/gulp-util unbuild
43 verbose tar unpack /Users/sponnaganti0569/.npm/gulp-util/2.2.20/package.tgz
44 silly lockFile a48eb84b-local-lib-node-modules-gulp-util tar:///usr/local/lib/node_modules/gulp-util
45 verbose lock tar:///usr/local/lib/node_modules/gulp-util /Users/sponnaganti0569/.npm/a48eb84b-local-lib-node-modules-gulp-util.lock
46 silly lockFile 69ce7206-npm-gulp-util-2-2-20-package-tgz tar:///Users/sponnaganti0569/.npm/gulp-util/2.2.20/package.tgz
47 verbose lock tar:///Users/sponnaganti0569/.npm/gulp-util/2.2.20/package.tgz /Users/sponnaganti0569/.npm/69ce7206-npm-gulp-util-2-2-20-package-tgz.lock
48 silly gunzTarPerm modes [ '755', '644' ]
49 error Error: EACCES, mkdir '/usr/local/lib/node_modules/gulp-util'
49 error  { [Error: EACCES, mkdir '/usr/local/lib/node_modules/gulp-util']
49 error   errno: 3,
49 error   code: 'EACCES',
49 error   path: '/usr/local/lib/node_modules/gulp-util',
49 error   fstream_type: 'Directory',
49 error   fstream_path: '/usr/local/lib/node_modules/gulp-util',
49 error   fstream_class: 'DirWriter',
49 error   fstream_stack:
49 error    [ '/usr/local/lib/node_modules/npm/node_modules/fstream/lib/dir-writer.js:36:23',
49 error      '/usr/local/lib/node_modules/npm/node_modules/mkdirp/index.js:37:53',
49 error      'Object.oncomplete (fs.js:107:15)' ] }
50 error Please try running this command again as root/Administrator.
51 error System Darwin 12.5.0
52 error command "node" "/usr/local/bin/npm" "install" "-g" "gulp-util"
53 error cwd /Users/sponnaganti0569/hackday/NineSquare/NineSquareApp
54 error node -v v0.10.26
55 error npm -v 1.4.16
56 error path /usr/local/lib/node_modules/gulp-util
57 error fstream_path /usr/local/lib/node_modules/gulp-util
58 error fstream_type Directory
59 error fstream_class DirWriter
60 error code EACCES
61 error errno 3
62 error stack Error: EACCES, mkdir '/usr/local/lib/node_modules/gulp-util'
63 error fstream_stack /usr/local/lib/node_modules/npm/node_modules/fstream/lib/dir-writer.js:36:23
63 error fstream_stack /usr/local/lib/node_modules/npm/node_modules/mkdirp/index.js:37:53
63 error fstream_stack Object.oncomplete (fs.js:107:15)
64 verbose exit [ 3, true ]
